  [1m[35m (2.3ms)[0m  [1m[35mCREATE TABLE "schema_migrations" ("version" varchar NOT NULL PRIMARY KEY) /*application='ProtoBehavior'*/[0m
  [1m[35m (0.5ms)[0m  [1m[35mCREATE TABLE "ar_internal_metadata" ("key" varchar NOT NULL PRIMARY KEY, "value" varchar, "created_at" datetime(6) NOT NULL, "updated_at" datetime(6) NOT NULL) /*application='ProtoBehavior'*/[0m
  [1m[36mActiveRecord::InternalMetadata Load (0.3ms)[0m  [1m[34mSELECT * FROM "ar_internal_metadata" WHERE "ar_internal_metadata"."key" = 'environment' ORDER BY "ar_internal_metadata"."key" ASC LIMIT 1 /*application='ProtoBehavior'*/[0m
  [1m[36mActiveRecord::InternalMetadata Create (0.2ms)[0m  [1m[32mINSERT INTO "ar_internal_metadata" ("key", "value", "created_at", "updated_at") VALUES ('environment', 'development', '2025-10-24 12:17:36.437389', '2025-10-24 12:17:36.437392') RETURNING "key" /*application='ProtoBehavior'*/[0m
  [1m[36mActiveRecord::SchemaMigration Load (0.1ms)[0m  [1m[34mSELECT "schema_migrations"."version" FROM "schema_migrations" ORDER BY "schema_migrations"."version" ASC /*application='ProtoBehavior'*/[0m
Migrating to CreateCheckSessions (20251024121705)
  [1m[36mTRANSACTION (0.1ms)[0m  [1m[35mBEGIN immediate TRANSACTION /*application='ProtoBehavior'*/[0m
  [1m[35m (1.7ms)[0m  [1m[35mCREATE TABLE "check_sessions" ("id" integer PRIMARY KEY AUTOINCREMENT NOT NULL, "target_url" varchar, "status" varchar, "started_at" datetime(6), "completed_at" datetime(6), "created_at" datetime(6) NOT NULL, "updated_at" datetime(6) NOT NULL) /*application='ProtoBehavior'*/[0m
  [1m[36mActiveRecord::SchemaMigration Create (0.1ms)[0m  [1m[32mINSERT INTO "schema_migrations" ("version") VALUES ('20251024121705') RETURNING "version" /*application='ProtoBehavior'*/[0m
  [1m[36mTRANSACTION (0.2ms)[0m  [1m[35mCOMMIT TRANSACTION /*application='ProtoBehavior'*/[0m
Migrating to CreateCheckResults (20251024121714)
  [1m[36mTRANSACTION (0.0ms)[0m  [1m[35mBEGIN immediate TRANSACTION /*application='ProtoBehavior'*/[0m
  [1m[35m (1.0ms)[0m  [1m[35mCREATE TABLE "check_results" ("id" integer PRIMARY KEY AUTOINCREMENT NOT NULL, "check_session_id" integer NOT NULL, "section_number" integer, "check_number" varchar, "description" text, "status" varchar, "note" text, "created_at" datetime(6) NOT NULL, "updated_at" datetime(6) NOT NULL, CONSTRAINT "fk_rails_49d6f915b2"
FOREIGN KEY ("check_session_id")
  REFERENCES "check_sessions" ("id")
) /*application='ProtoBehavior'*/[0m
  [1m[35m (0.1ms)[0m  [1m[35mCREATE INDEX "index_check_results_on_check_session_id" ON "check_results" ("check_session_id") /*application='ProtoBehavior'*/[0m
  [1m[36mActiveRecord::SchemaMigration Create (0.1ms)[0m  [1m[32mINSERT INTO "schema_migrations" ("version") VALUES ('20251024121714') RETURNING "version" /*application='ProtoBehavior'*/[0m
  [1m[36mTRANSACTION (0.2ms)[0m  [1m[35mCOMMIT TRANSACTION /*application='ProtoBehavior'*/[0m
  [1m[36mActiveRecord::SchemaMigration Load (0.1ms)[0m  [1m[34mSELECT "schema_migrations"."version" FROM "schema_migrations" ORDER BY "schema_migrations"."version" ASC /*application='ProtoBehavior'*/[0m
Started HEAD "/" for 127.0.0.1 at 2025-10-24 12:42:18 +0000
  [1m[36mActiveRecord::SchemaMigration Load (0.1ms)[0m  [1m[34mSELECT "schema_migrations"."version" FROM "schema_migrations" ORDER BY "schema_migrations"."version" ASC /*application='ProtoBehavior'*/[0m
Processing by ChecksController#index as */*
  Rendering layout layouts/application.html.erb
  Rendering checks/index.html.erb within layouts/application
  [1m[36mCheckSession Exists? (0.2ms)[0m  [1m[34mSELECT 1 AS one FROM "check_sessions" LIMIT 1 /*action='index',application='ProtoBehavior',controller='checks'*/[0m
  ↳ app/views/checks/index.html.erb:9
  Rendered checks/index.html.erb within layouts/application (Duration: 4.0ms | GC: 0.0ms)
  Rendered layout layouts/application.html.erb (Duration: 20.5ms | GC: 2.1ms)
Completed 200 OK in 142ms (Views: 27.0ms | ActiveRecord: 3.5ms (1 query, 0 cached) | GC: 46.0ms)


Started GET "/" for 113.41.20.250 at 2025-10-24 12:48:34 +0000
Cannot render console from 113.41.20.250! Allowed networks: 127.0.0.0/127.255.255.255, ::1
  [1m[36mActiveRecord::SchemaMigration Load (0.2ms)[0m  [1m[34mSELECT "schema_migrations"."version" FROM "schema_migrations" ORDER BY "schema_migrations"."version" ASC /*application='ProtoBehavior'*/[0m
Processing by ChecksController#index as HTML
  Rendering layout layouts/application.html.erb
  Rendering checks/index.html.erb within layouts/application
  [1m[36mCheckSession Exists? (0.2ms)[0m  [1m[34mSELECT 1 AS one FROM "check_sessions" LIMIT 1 /*action='index',application='ProtoBehavior',controller='checks'*/[0m
  ↳ app/views/checks/index.html.erb:9
  Rendered checks/index.html.erb within layouts/application (Duration: 9.5ms | GC: 5.3ms)
  Rendered layout layouts/application.html.erb (Duration: 44.4ms | GC: 30.9ms)
Completed 200 OK in 79ms (Views: 50.6ms | ActiveRecord: 3.5ms (1 query, 0 cached) | GC: 42.1ms)


Started GET "/checks/new" for 113.41.20.250 at 2025-10-24 12:48:37 +0000
Cannot render console from 113.41.20.250! Allowed networks: 127.0.0.0/127.255.255.255, ::1
Processing by ChecksController#new as HTML
  Rendering layout layouts/application.html.erb
  Rendering checks/new.html.erb within layouts/application
  Rendered checks/new.html.erb within layouts/application (Duration: 10.3ms | GC: 0.0ms)
  Rendered layout layouts/application.html.erb (Duration: 11.4ms | GC: 0.3ms)
Completed 200 OK in 13ms (Views: 11.9ms | ActiveRecord: 0.0ms (0 queries, 0 cached) | GC: 0.8ms)


Started POST "/checks" for 113.41.20.250 at 2025-10-24 12:48:49 +0000
Cannot render console from 113.41.20.250! Allowed networks: 127.0.0.0/127.255.255.255, ::1
Processing by ChecksController#create as TURBO_STREAM
  Parameters: {"authenticity_token" => "[FILTERED]", "target_url" => "https://protospace2020.herokuapp.com/", "commit" => "チェック開始"}
HTTP Origin header (http://localhost:3000) didn't match request.base_url (https://musical-space-engine-r6q56x94x79hp5pg-3000.app.github.dev)
Completed 422 Unprocessable Content in 1ms (ActiveRecord: 0.0ms (0 queries, 0 cached) | GC: 0.0ms)


  
ActionController::InvalidAuthenticityToken (HTTP Origin header (http://localhost:3000) didn't match request.base_url (https://musical-space-engine-r6q56x94x79hp5pg-3000.app.github.dev)):
  
actionpack (8.1.0) lib/action_controller/metal/request_forgery_protection.rb:321:in 'ActionController::RequestForgeryProtection::ProtectionMethods::Exception#handle_unverified_request'
actionpack (8.1.0) lib/action_controller/metal/request_forgery_protection.rb:415:in 'ActionController::RequestForgeryProtection#handle_unverified_request'
actionpack (8.1.0) lib/action_controller/metal/request_forgery_protection.rb:404:in 'ActionController::RequestForgeryProtection#verify_authenticity_token'
activesupport (8.1.0) lib/active_support/callbacks.rb:362:in 'block in ActiveSupport::Callbacks::CallTemplate::MethodCall#make_lambda'
activesupport (8.1.0) lib/active_support/callbacks.rb:179:in 'block in ActiveSupport::Callbacks::Filters::Before#call'
actionpack (8.1.0) lib/abstract_controller/callbacks.rb:34:in 'block (2 levels) in <module:Callbacks>'
activesupport (8.1.0) lib/active_support/callbacks.rb:180:in 'ActiveSupport::Callbacks::Filters::Before#call'
activesupport (8.1.0) lib/active_support/callbacks.rb:560:in 'block in ActiveSupport::Callbacks::CallbackSequence#invoke_before'
activesupport (8.1.0) lib/active_support/callbacks.rb:560:in 'Array#each'
activesupport (8.1.0) lib/active_support/callbacks.rb:560:in 'ActiveSupport::Callbacks::CallbackSequence#invoke_before'
activesupport (8.1.0) lib/active_support/callbacks.rb:119:in 'block in ActiveSupport::Callbacks#run_callbacks'
activesupport (8.1.0) lib/active_support/callbacks.rb:141:in 'ActiveSupport::Callbacks#run_callbacks'
actionpack (8.1.0) lib/abstract_controller/callbacks.rb:260:in 'AbstractController::Callbacks#process_action'
actionpack (8.1.0) lib/action_controller/metal/rescue.rb:36:in 'ActionController::Rescue#process_action'
actionpack (8.1.0) lib/action_controller/metal/instrumentation.rb:76:in 'block in ActionController::Instrumentation#process_action'
activesupport (8.1.0) lib/active_support/notifications.rb:210:in 'block in ActiveSupport::Notifications.instrument'
activesupport (8.1.0) lib/active_support/notifications/instrumenter.rb:58:in 'ActiveSupport::Notifications::Instrumenter#instrument'
activesupport (8.1.0) lib/active_support/notifications.rb:210:in 'ActiveSupport::Notifications.instrument'
actionpack (8.1.0) lib/action_controller/metal/instrumentation.rb:75:in 'ActionController::Instrumentation#process_action'
actionpack (8.1.0) lib/action_controller/metal/params_wrapper.rb:259:in 'ActionController::ParamsWrapper#process_action'
activerecord (8.1.0) lib/active_record/railties/controller_runtime.rb:39:in 'ActiveRecord::Railties::ControllerRuntime#process_action'
actionpack (8.1.0) lib/abstract_controller/base.rb:157:in 'AbstractController::Base#process'
actionview (8.1.0) lib/action_view/rendering.rb:40:in 'ActionView::Rendering#process'
actionpack (8.1.0) lib/action_controller/metal.rb:252:in 'ActionController::Metal#dispatch'
actionpack (8.1.0) lib/action_controller/metal.rb:335:in 'ActionController::Metal.dispatch'
actionpack (8.1.0) lib/action_dispatch/routing/route_set.rb:65:in 'ActionDispatch::Routing::RouteSet::Dispatcher#dispatch'
actionpack (8.1.0) lib/action_dispatch/routing/route_set.rb:50:in 'ActionDispatch::Routing::RouteSet::Dispatcher#serve'
actionpack (8.1.0) lib/action_dispatch/journey/router.rb:35:in 'block in ActionDispatch::Journey::Router#serve'
actionpack (8.1.0) lib/action_dispatch/journey/router.rb:86:in 'block in ActionDispatch::Journey::Router#recognize'
actionpack (8.1.0) lib/action_dispatch/journey/router.rb:66:in 'Array#each'
actionpack (8.1.0) lib/action_dispatch/journey/router.rb:66:in 'ActionDispatch::Journey::Router#recognize'
actionpack (8.1.0) lib/action_dispatch/journey/router.rb:31:in 'ActionDispatch::Journey::Router#serve'
actionpack (8.1.0) lib/action_dispatch/routing/route_set.rb:906:in 'ActionDispatch::Routing::RouteSet#call'
railties (8.1.0) lib/rails/engine/lazy_route_set.rb:60:in 'Rails::Engine::LazyRouteSet#call'
rack (3.2.3) lib/rack/tempfile_reaper.rb:20:in 'Rack::TempfileReaper#call'
rack (3.2.3) lib/rack/etag.rb:29:in 'Rack::ETag#call'
rack (3.2.3) lib/rack/conditional_get.rb:44:in 'Rack::ConditionalGet#call'
rack (3.2.3) lib/rack/head.rb:15:in 'Rack::Head#call'
actionpack (8.1.0) lib/action_dispatch/http/content_security_policy.rb:38:in 'ActionDispatch::ContentSecurityPolicy::Middleware#call'
rack-session (2.1.1) lib/rack/session/abstract/id.rb:274:in 'Rack::Session::Abstract::Persisted#context'
rack-session (2.1.1) lib/rack/session/abstract/id.rb:268:in 'Rack::Session::Abstract::Persisted#call'
actionpack (8.1.0) lib/action_dispatch/middleware/cookies.rb:708:in 'ActionDispatch::Cookies#call'
activerecord (8.1.0) lib/active_record/migration.rb:671:in 'ActiveRecord::Migration::CheckPending#call'
actionpack (8.1.0) lib/action_dispatch/middleware/callbacks.rb:31:in 'block in ActionDispatch::Callbacks#call'
activesupport (8.1.0) lib/active_support/callbacks.rb:101:in 'ActiveSupport::Callbacks#run_callbacks'
actionpack (8.1.0) lib/action_dispatch/middleware/callbacks.rb:30:in 'ActionDispatch::Callbacks#call'
actionpack (8.1.0) lib/action_dispatch/middleware/executor.rb:20:in 'ActionDispatch::Executor#call'
actionpack (8.1.0) lib/action_dispatch/middleware/actionable_exceptions.rb:18:in 'ActionDispatch::ActionableExceptions#call'
actionpack (8.1.0) lib/action_dispatch/middleware/debug_exceptions.rb:31:in 'ActionDispatch::DebugExceptions#call'
web-console (4.2.1) lib/web_console/middleware.rb:132:in 'WebConsole::Middleware#call_app'
web-console (4.2.1) lib/web_console/middleware.rb:19:in 'block in WebConsole::Middleware#call'
web-console (4.2.1) lib/web_console/middleware.rb:17:in 'Kernel#catch'
web-console (4.2.1) lib/web_console/middleware.rb:17:in 'WebConsole::Middleware#call'
actionpack (8.1.0) lib/action_dispatch/middleware/show_exceptions.rb:32:in 'ActionDispatch::ShowExceptions#call'
railties (8.1.0) lib/rails/rack/logger.rb:41:in 'Rails::Rack::Logger#call_app'
railties (8.1.0) lib/rails/rack/logger.rb:29:in 'Rails::Rack::Logger#call'
propshaft (1.3.1) lib/propshaft/quiet_assets.rb:11:in 'Propshaft::QuietAssets#call'
actionpack (8.1.0) lib/action_dispatch/middleware/remote_ip.rb:98:in 'ActionDispatch::RemoteIp#call'
actionpack (8.1.0) lib/action_dispatch/middleware/request_id.rb:34:in 'ActionDispatch::RequestId#call'
rack (3.2.3) lib/rack/method_override.rb:28:in 'Rack::MethodOverride#call'
rack (3.2.3) lib/rack/runtime.rb:24:in 'Rack::Runtime#call'
actionpack (8.1.0) lib/action_dispatch/middleware/server_timing.rb:61:in 'block in ActionDispatch::ServerTiming#call'
actionpack (8.1.0) lib/action_dispatch/middleware/server_timing.rb:26:in 'ActionDispatch::ServerTiming::Subscriber#collect_events'
actionpack (8.1.0) lib/action_dispatch/middleware/server_timing.rb:60:in 'ActionDispatch::ServerTiming#call'
actionpack (8.1.0) lib/action_dispatch/middleware/executor.rb:20:in 'ActionDispatch::Executor#call'
propshaft (1.3.1) lib/propshaft/server.rb:37:in 'Propshaft::Server#call'
actionpack (8.1.0) lib/action_dispatch/middleware/static.rb:27:in 'ActionDispatch::Static#call'
rack (3.2.3) lib/rack/sendfile.rb:131:in 'Rack::Sendfile#call'
actionpack (8.1.0) lib/action_dispatch/middleware/host_authorization.rb:143:in 'ActionDispatch::HostAuthorization#call'
railties (8.1.0) lib/rails/engine.rb:534:in 'Rails::Engine#call'
puma (7.1.0) lib/puma/configuration.rb:300:in 'Puma::Configuration::ConfigMiddleware#call'
puma (7.1.0) lib/puma/request.rb:101:in 'block in Puma::Request#handle_request'
puma (7.1.0) lib/puma/thread_pool.rb:355:in 'Puma::ThreadPool#with_force_shutdown'
puma (7.1.0) lib/puma/request.rb:100:in 'Puma::Request#handle_request'
puma (7.1.0) lib/puma/server.rb:503:in 'Puma::Server#process_client'
puma (7.1.0) lib/puma/server.rb:262:in 'block in Puma::Server#run'
puma (7.1.0) lib/puma/thread_pool.rb:182:in 'block in Puma::ThreadPool#spawn_thread'
Started GET "/checks/new" for 113.41.20.250 at 2025-10-24 12:48:50 +0000
Cannot render console from 113.41.20.250! Allowed networks: 127.0.0.0/127.255.255.255, ::1
Processing by ChecksController#new as HTML
  Rendering layout layouts/application.html.erb
  Rendering checks/new.html.erb within layouts/application
  Rendered checks/new.html.erb within layouts/application (Duration: 0.9ms | GC: 0.0ms)
  Rendered layout layouts/application.html.erb (Duration: 1.7ms | GC: 0.0ms)
Completed 200 OK in 3ms (Views: 2.2ms | ActiveRecord: 0.0ms (0 queries, 0 cached) | GC: 0.0ms)


Started POST "/checks" for 113.41.20.250 at 2025-10-24 12:48:54 +0000
Cannot render console from 113.41.20.250! Allowed networks: 127.0.0.0/127.255.255.255, ::1
Processing by ChecksController#create as TURBO_STREAM
  Parameters: {"authenticity_token" => "[FILTERED]", "target_url" => "https://protospace2020.herokuapp.com/", "commit" => "チェック開始"}
HTTP Origin header (http://localhost:3000) didn't match request.base_url (https://musical-space-engine-r6q56x94x79hp5pg-3000.app.github.dev)
Completed 422 Unprocessable Content in 1ms (ActiveRecord: 0.0ms (0 queries, 0 cached) | GC: 0.0ms)


  
ActionController::InvalidAuthenticityToken (HTTP Origin header (http://localhost:3000) didn't match request.base_url (https://musical-space-engine-r6q56x94x79hp5pg-3000.app.github.dev)):
  
actionpack (8.1.0) lib/action_controller/metal/request_forgery_protection.rb:321:in 'ActionController::RequestForgeryProtection::ProtectionMethods::Exception#handle_unverified_request'
actionpack (8.1.0) lib/action_controller/metal/request_forgery_protection.rb:415:in 'ActionController::RequestForgeryProtection#handle_unverified_request'
actionpack (8.1.0) lib/action_controller/metal/request_forgery_protection.rb:404:in 'ActionController::RequestForgeryProtection#verify_authenticity_token'
activesupport (8.1.0) lib/active_support/callbacks.rb:362:in 'block in ActiveSupport::Callbacks::CallTemplate::MethodCall#make_lambda'
activesupport (8.1.0) lib/active_support/callbacks.rb:179:in 'block in ActiveSupport::Callbacks::Filters::Before#call'
actionpack (8.1.0) lib/abstract_controller/callbacks.rb:34:in 'block (2 levels) in <module:Callbacks>'
activesupport (8.1.0) lib/active_support/callbacks.rb:180:in 'ActiveSupport::Callbacks::Filters::Before#call'
activesupport (8.1.0) lib/active_support/callbacks.rb:560:in 'block in ActiveSupport::Callbacks::CallbackSequence#invoke_before'
activesupport (8.1.0) lib/active_support/callbacks.rb:560:in 'Array#each'
activesupport (8.1.0) lib/active_support/callbacks.rb:560:in 'ActiveSupport::Callbacks::CallbackSequence#invoke_before'
activesupport (8.1.0) lib/active_support/callbacks.rb:119:in 'block in ActiveSupport::Callbacks#run_callbacks'
activesupport (8.1.0) lib/active_support/callbacks.rb:141:in 'ActiveSupport::Callbacks#run_callbacks'
actionpack (8.1.0) lib/abstract_controller/callbacks.rb:260:in 'AbstractController::Callbacks#process_action'
actionpack (8.1.0) lib/action_controller/metal/rescue.rb:36:in 'ActionController::Rescue#process_action'
actionpack (8.1.0) lib/action_controller/metal/instrumentation.rb:76:in 'block in ActionController::Instrumentation#process_action'
activesupport (8.1.0) lib/active_support/notifications.rb:210:in 'block in ActiveSupport::Notifications.instrument'
activesupport (8.1.0) lib/active_support/notifications/instrumenter.rb:58:in 'ActiveSupport::Notifications::Instrumenter#instrument'
activesupport (8.1.0) lib/active_support/notifications.rb:210:in 'ActiveSupport::Notifications.instrument'
actionpack (8.1.0) lib/action_controller/metal/instrumentation.rb:75:in 'ActionController::Instrumentation#process_action'
actionpack (8.1.0) lib/action_controller/metal/params_wrapper.rb:259:in 'ActionController::ParamsWrapper#process_action'
activerecord (8.1.0) lib/active_record/railties/controller_runtime.rb:39:in 'ActiveRecord::Railties::ControllerRuntime#process_action'
actionpack (8.1.0) lib/abstract_controller/base.rb:157:in 'AbstractController::Base#process'
actionview (8.1.0) lib/action_view/rendering.rb:40:in 'ActionView::Rendering#process'
actionpack (8.1.0) lib/action_controller/metal.rb:252:in 'ActionController::Metal#dispatch'
actionpack (8.1.0) lib/action_controller/metal.rb:335:in 'ActionController::Metal.dispatch'
actionpack (8.1.0) lib/action_dispatch/routing/route_set.rb:65:in 'ActionDispatch::Routing::RouteSet::Dispatcher#dispatch'
actionpack (8.1.0) lib/action_dispatch/routing/route_set.rb:50:in 'ActionDispatch::Routing::RouteSet::Dispatcher#serve'
actionpack (8.1.0) lib/action_dispatch/journey/router.rb:35:in 'block in ActionDispatch::Journey::Router#serve'
actionpack (8.1.0) lib/action_dispatch/journey/router.rb:86:in 'block in ActionDispatch::Journey::Router#recognize'
actionpack (8.1.0) lib/action_dispatch/journey/router.rb:66:in 'Array#each'
actionpack (8.1.0) lib/action_dispatch/journey/router.rb:66:in 'ActionDispatch::Journey::Router#recognize'
actionpack (8.1.0) lib/action_dispatch/journey/router.rb:31:in 'ActionDispatch::Journey::Router#serve'
actionpack (8.1.0) lib/action_dispatch/routing/route_set.rb:906:in 'ActionDispatch::Routing::RouteSet#call'
railties (8.1.0) lib/rails/engine/lazy_route_set.rb:60:in 'Rails::Engine::LazyRouteSet#call'
rack (3.2.3) lib/rack/tempfile_reaper.rb:20:in 'Rack::TempfileReaper#call'
rack (3.2.3) lib/rack/etag.rb:29:in 'Rack::ETag#call'
rack (3.2.3) lib/rack/conditional_get.rb:44:in 'Rack::ConditionalGet#call'
rack (3.2.3) lib/rack/head.rb:15:in 'Rack::Head#call'
actionpack (8.1.0) lib/action_dispatch/http/content_security_policy.rb:38:in 'ActionDispatch::ContentSecurityPolicy::Middleware#call'
rack-session (2.1.1) lib/rack/session/abstract/id.rb:274:in 'Rack::Session::Abstract::Persisted#context'
rack-session (2.1.1) lib/rack/session/abstract/id.rb:268:in 'Rack::Session::Abstract::Persisted#call'
actionpack (8.1.0) lib/action_dispatch/middleware/cookies.rb:708:in 'ActionDispatch::Cookies#call'
activerecord (8.1.0) lib/active_record/migration.rb:671:in 'ActiveRecord::Migration::CheckPending#call'
actionpack (8.1.0) lib/action_dispatch/middleware/callbacks.rb:31:in 'block in ActionDispatch::Callbacks#call'
activesupport (8.1.0) lib/active_support/callbacks.rb:101:in 'ActiveSupport::Callbacks#run_callbacks'
actionpack (8.1.0) lib/action_dispatch/middleware/callbacks.rb:30:in 'ActionDispatch::Callbacks#call'
actionpack (8.1.0) lib/action_dispatch/middleware/executor.rb:20:in 'ActionDispatch::Executor#call'
actionpack (8.1.0) lib/action_dispatch/middleware/actionable_exceptions.rb:18:in 'ActionDispatch::ActionableExceptions#call'
actionpack (8.1.0) lib/action_dispatch/middleware/debug_exceptions.rb:31:in 'ActionDispatch::DebugExceptions#call'
web-console (4.2.1) lib/web_console/middleware.rb:132:in 'WebConsole::Middleware#call_app'
web-console (4.2.1) lib/web_console/middleware.rb:19:in 'block in WebConsole::Middleware#call'
web-console (4.2.1) lib/web_console/middleware.rb:17:in 'Kernel#catch'
web-console (4.2.1) lib/web_console/middleware.rb:17:in 'WebConsole::Middleware#call'
actionpack (8.1.0) lib/action_dispatch/middleware/show_exceptions.rb:32:in 'ActionDispatch::ShowExceptions#call'
railties (8.1.0) lib/rails/rack/logger.rb:41:in 'Rails::Rack::Logger#call_app'
railties (8.1.0) lib/rails/rack/logger.rb:29:in 'Rails::Rack::Logger#call'
propshaft (1.3.1) lib/propshaft/quiet_assets.rb:11:in 'Propshaft::QuietAssets#call'
actionpack (8.1.0) lib/action_dispatch/middleware/remote_ip.rb:98:in 'ActionDispatch::RemoteIp#call'
actionpack (8.1.0) lib/action_dispatch/middleware/request_id.rb:34:in 'ActionDispatch::RequestId#call'
rack (3.2.3) lib/rack/method_override.rb:28:in 'Rack::MethodOverride#call'
rack (3.2.3) lib/rack/runtime.rb:24:in 'Rack::Runtime#call'
actionpack (8.1.0) lib/action_dispatch/middleware/server_timing.rb:61:in 'block in ActionDispatch::ServerTiming#call'
actionpack (8.1.0) lib/action_dispatch/middleware/server_timing.rb:26:in 'ActionDispatch::ServerTiming::Subscriber#collect_events'
actionpack (8.1.0) lib/action_dispatch/middleware/server_timing.rb:60:in 'ActionDispatch::ServerTiming#call'
actionpack (8.1.0) lib/action_dispatch/middleware/executor.rb:20:in 'ActionDispatch::Executor#call'
propshaft (1.3.1) lib/propshaft/server.rb:37:in 'Propshaft::Server#call'
actionpack (8.1.0) lib/action_dispatch/middleware/static.rb:27:in 'ActionDispatch::Static#call'
rack (3.2.3) lib/rack/sendfile.rb:131:in 'Rack::Sendfile#call'
actionpack (8.1.0) lib/action_dispatch/middleware/host_authorization.rb:143:in 'ActionDispatch::HostAuthorization#call'
railties (8.1.0) lib/rails/engine.rb:534:in 'Rails::Engine#call'
puma (7.1.0) lib/puma/configuration.rb:300:in 'Puma::Configuration::ConfigMiddleware#call'
puma (7.1.0) lib/puma/request.rb:101:in 'block in Puma::Request#handle_request'
puma (7.1.0) lib/puma/thread_pool.rb:355:in 'Puma::ThreadPool#with_force_shutdown'
puma (7.1.0) lib/puma/request.rb:100:in 'Puma::Request#handle_request'
puma (7.1.0) lib/puma/server.rb:503:in 'Puma::Server#process_client'
puma (7.1.0) lib/puma/server.rb:262:in 'block in Puma::Server#run'
puma (7.1.0) lib/puma/thread_pool.rb:182:in 'block in Puma::ThreadPool#spawn_thread'
Started GET "/checks/new" for 113.41.20.250 at 2025-10-24 12:48:55 +0000
Cannot render console from 113.41.20.250! Allowed networks: 127.0.0.0/127.255.255.255, ::1
Processing by ChecksController#new as HTML
  Rendering layout layouts/application.html.erb
  Rendering checks/new.html.erb within layouts/application
  Rendered checks/new.html.erb within layouts/application (Duration: 0.9ms | GC: 0.0ms)
  Rendered layout layouts/application.html.erb (Duration: 1.6ms | GC: 0.0ms)
Completed 200 OK in 3ms (Views: 2.1ms | ActiveRecord: 0.0ms (0 queries, 0 cached) | GC: 0.0ms)


Started POST "/checks" for 113.41.20.250 at 2025-10-24 12:49:06 +0000
Cannot render console from 113.41.20.250! Allowed networks: 127.0.0.0/127.255.255.255, ::1
Processing by ChecksController#create as TURBO_STREAM
  Parameters: {"authenticity_token" => "[FILTERED]", "target_url" => "https://protospace2020.herokuapp.com/", "commit" => "チェック開始"}
HTTP Origin header (http://localhost:3000) didn't match request.base_url (https://musical-space-engine-r6q56x94x79hp5pg-3000.app.github.dev)
Completed 422 Unprocessable Content in 1ms (ActiveRecord: 0.0ms (0 queries, 0 cached) | GC: 0.0ms)


  
ActionController::InvalidAuthenticityToken (HTTP Origin header (http://localhost:3000) didn't match request.base_url (https://musical-space-engine-r6q56x94x79hp5pg-3000.app.github.dev)):
  
actionpack (8.1.0) lib/action_controller/metal/request_forgery_protection.rb:321:in 'ActionController::RequestForgeryProtection::ProtectionMethods::Exception#handle_unverified_request'
actionpack (8.1.0) lib/action_controller/metal/request_forgery_protection.rb:415:in 'ActionController::RequestForgeryProtection#handle_unverified_request'
actionpack (8.1.0) lib/action_controller/metal/request_forgery_protection.rb:404:in 'ActionController::RequestForgeryProtection#verify_authenticity_token'
activesupport (8.1.0) lib/active_support/callbacks.rb:362:in 'block in ActiveSupport::Callbacks::CallTemplate::MethodCall#make_lambda'
activesupport (8.1.0) lib/active_support/callbacks.rb:179:in 'block in ActiveSupport::Callbacks::Filters::Before#call'
actionpack (8.1.0) lib/abstract_controller/callbacks.rb:34:in 'block (2 levels) in <module:Callbacks>'
activesupport (8.1.0) lib/active_support/callbacks.rb:180:in 'ActiveSupport::Callbacks::Filters::Before#call'
activesupport (8.1.0) lib/active_support/callbacks.rb:560:in 'block in ActiveSupport::Callbacks::CallbackSequence#invoke_before'
activesupport (8.1.0) lib/active_support/callbacks.rb:560:in 'Array#each'
activesupport (8.1.0) lib/active_support/callbacks.rb:560:in 'ActiveSupport::Callbacks::CallbackSequence#invoke_before'
activesupport (8.1.0) lib/active_support/callbacks.rb:119:in 'block in ActiveSupport::Callbacks#run_callbacks'
activesupport (8.1.0) lib/active_support/callbacks.rb:141:in 'ActiveSupport::Callbacks#run_callbacks'
actionpack (8.1.0) lib/abstract_controller/callbacks.rb:260:in 'AbstractController::Callbacks#process_action'
actionpack (8.1.0) lib/action_controller/metal/rescue.rb:36:in 'ActionController::Rescue#process_action'
actionpack (8.1.0) lib/action_controller/metal/instrumentation.rb:76:in 'block in ActionController::Instrumentation#process_action'
activesupport (8.1.0) lib/active_support/notifications.rb:210:in 'block in ActiveSupport::Notifications.instrument'
activesupport (8.1.0) lib/active_support/notifications/instrumenter.rb:58:in 'ActiveSupport::Notifications::Instrumenter#instrument'
activesupport (8.1.0) lib/active_support/notifications.rb:210:in 'ActiveSupport::Notifications.instrument'
actionpack (8.1.0) lib/action_controller/metal/instrumentation.rb:75:in 'ActionController::Instrumentation#process_action'
actionpack (8.1.0) lib/action_controller/metal/params_wrapper.rb:259:in 'ActionController::ParamsWrapper#process_action'
activerecord (8.1.0) lib/active_record/railties/controller_runtime.rb:39:in 'ActiveRecord::Railties::ControllerRuntime#process_action'
actionpack (8.1.0) lib/abstract_controller/base.rb:157:in 'AbstractController::Base#process'
actionview (8.1.0) lib/action_view/rendering.rb:40:in 'ActionView::Rendering#process'
actionpack (8.1.0) lib/action_controller/metal.rb:252:in 'ActionController::Metal#dispatch'
actionpack (8.1.0) lib/action_controller/metal.rb:335:in 'ActionController::Metal.dispatch'
actionpack (8.1.0) lib/action_dispatch/routing/route_set.rb:65:in 'ActionDispatch::Routing::RouteSet::Dispatcher#dispatch'
actionpack (8.1.0) lib/action_dispatch/routing/route_set.rb:50:in 'ActionDispatch::Routing::RouteSet::Dispatcher#serve'
actionpack (8.1.0) lib/action_dispatch/journey/router.rb:35:in 'block in ActionDispatch::Journey::Router#serve'
actionpack (8.1.0) lib/action_dispatch/journey/router.rb:86:in 'block in ActionDispatch::Journey::Router#recognize'
actionpack (8.1.0) lib/action_dispatch/journey/router.rb:66:in 'Array#each'
actionpack (8.1.0) lib/action_dispatch/journey/router.rb:66:in 'ActionDispatch::Journey::Router#recognize'
actionpack (8.1.0) lib/action_dispatch/journey/router.rb:31:in 'ActionDispatch::Journey::Router#serve'
actionpack (8.1.0) lib/action_dispatch/routing/route_set.rb:906:in 'ActionDispatch::Routing::RouteSet#call'
railties (8.1.0) lib/rails/engine/lazy_route_set.rb:60:in 'Rails::Engine::LazyRouteSet#call'
rack (3.2.3) lib/rack/tempfile_reaper.rb:20:in 'Rack::TempfileReaper#call'
rack (3.2.3) lib/rack/etag.rb:29:in 'Rack::ETag#call'
rack (3.2.3) lib/rack/conditional_get.rb:44:in 'Rack::ConditionalGet#call'
rack (3.2.3) lib/rack/head.rb:15:in 'Rack::Head#call'
actionpack (8.1.0) lib/action_dispatch/http/content_security_policy.rb:38:in 'ActionDispatch::ContentSecurityPolicy::Middleware#call'
rack-session (2.1.1) lib/rack/session/abstract/id.rb:274:in 'Rack::Session::Abstract::Persisted#context'
rack-session (2.1.1) lib/rack/session/abstract/id.rb:268:in 'Rack::Session::Abstract::Persisted#call'
actionpack (8.1.0) lib/action_dispatch/middleware/cookies.rb:708:in 'ActionDispatch::Cookies#call'
activerecord (8.1.0) lib/active_record/migration.rb:671:in 'ActiveRecord::Migration::CheckPending#call'
actionpack (8.1.0) lib/action_dispatch/middleware/callbacks.rb:31:in 'block in ActionDispatch::Callbacks#call'
activesupport (8.1.0) lib/active_support/callbacks.rb:101:in 'ActiveSupport::Callbacks#run_callbacks'
actionpack (8.1.0) lib/action_dispatch/middleware/callbacks.rb:30:in 'ActionDispatch::Callbacks#call'
actionpack (8.1.0) lib/action_dispatch/middleware/executor.rb:20:in 'ActionDispatch::Executor#call'
actionpack (8.1.0) lib/action_dispatch/middleware/actionable_exceptions.rb:18:in 'ActionDispatch::ActionableExceptions#call'
actionpack (8.1.0) lib/action_dispatch/middleware/debug_exceptions.rb:31:in 'ActionDispatch::DebugExceptions#call'
web-console (4.2.1) lib/web_console/middleware.rb:132:in 'WebConsole::Middleware#call_app'
web-console (4.2.1) lib/web_console/middleware.rb:19:in 'block in WebConsole::Middleware#call'
web-console (4.2.1) lib/web_console/middleware.rb:17:in 'Kernel#catch'
web-console (4.2.1) lib/web_console/middleware.rb:17:in 'WebConsole::Middleware#call'
actionpack (8.1.0) lib/action_dispatch/middleware/show_exceptions.rb:32:in 'ActionDispatch::ShowExceptions#call'
railties (8.1.0) lib/rails/rack/logger.rb:41:in 'Rails::Rack::Logger#call_app'
railties (8.1.0) lib/rails/rack/logger.rb:29:in 'Rails::Rack::Logger#call'
propshaft (1.3.1) lib/propshaft/quiet_assets.rb:11:in 'Propshaft::QuietAssets#call'
actionpack (8.1.0) lib/action_dispatch/middleware/remote_ip.rb:98:in 'ActionDispatch::RemoteIp#call'
actionpack (8.1.0) lib/action_dispatch/middleware/request_id.rb:34:in 'ActionDispatch::RequestId#call'
rack (3.2.3) lib/rack/method_override.rb:28:in 'Rack::MethodOverride#call'
rack (3.2.3) lib/rack/runtime.rb:24:in 'Rack::Runtime#call'
actionpack (8.1.0) lib/action_dispatch/middleware/server_timing.rb:61:in 'block in ActionDispatch::ServerTiming#call'
actionpack (8.1.0) lib/action_dispatch/middleware/server_timing.rb:26:in 'ActionDispatch::ServerTiming::Subscriber#collect_events'
actionpack (8.1.0) lib/action_dispatch/middleware/server_timing.rb:60:in 'ActionDispatch::ServerTiming#call'
actionpack (8.1.0) lib/action_dispatch/middleware/executor.rb:20:in 'ActionDispatch::Executor#call'
propshaft (1.3.1) lib/propshaft/server.rb:37:in 'Propshaft::Server#call'
actionpack (8.1.0) lib/action_dispatch/middleware/static.rb:27:in 'ActionDispatch::Static#call'
rack (3.2.3) lib/rack/sendfile.rb:131:in 'Rack::Sendfile#call'
actionpack (8.1.0) lib/action_dispatch/middleware/host_authorization.rb:143:in 'ActionDispatch::HostAuthorization#call'
railties (8.1.0) lib/rails/engine.rb:534:in 'Rails::Engine#call'
puma (7.1.0) lib/puma/configuration.rb:300:in 'Puma::Configuration::ConfigMiddleware#call'
puma (7.1.0) lib/puma/request.rb:101:in 'block in Puma::Request#handle_request'
puma (7.1.0) lib/puma/thread_pool.rb:355:in 'Puma::ThreadPool#with_force_shutdown'
puma (7.1.0) lib/puma/request.rb:100:in 'Puma::Request#handle_request'
puma (7.1.0) lib/puma/server.rb:503:in 'Puma::Server#process_client'
puma (7.1.0) lib/puma/server.rb:262:in 'block in Puma::Server#run'
puma (7.1.0) lib/puma/thread_pool.rb:182:in 'block in Puma::ThreadPool#spawn_thread'
Started GET "/checks/new" for 113.41.20.250 at 2025-10-24 12:49:06 +0000
Cannot render console from 113.41.20.250! Allowed networks: 127.0.0.0/127.255.255.255, ::1
Processing by ChecksController#new as HTML
  Rendering layout layouts/application.html.erb
  Rendering checks/new.html.erb within layouts/application
  Rendered checks/new.html.erb within layouts/application (Duration: 0.9ms | GC: 0.0ms)
  Rendered layout layouts/application.html.erb (Duration: 1.6ms | GC: 0.0ms)
Completed 200 OK in 3ms (Views: 2.1ms | ActiveRecord: 0.0ms (0 queries, 0 cached) | GC: 0.0ms)


Started POST "/checks" for 113.41.20.250 at 2025-10-24 12:49:20 +0000
Cannot render console from 113.41.20.250! Allowed networks: 127.0.0.0/127.255.255.255, ::1
Processing by ChecksController#create as TURBO_STREAM
  Parameters: {"authenticity_token" => "[FILTERED]", "target_url" => "https://protospace2020.herokuapp.com/", "commit" => "チェック開始"}
HTTP Origin header (http://localhost:3000) didn't match request.base_url (https://musical-space-engine-r6q56x94x79hp5pg-3000.app.github.dev)
Completed 422 Unprocessable Content in 0ms (ActiveRecord: 0.0ms (0 queries, 0 cached) | GC: 0.0ms)


  
ActionController::InvalidAuthenticityToken (HTTP Origin header (http://localhost:3000) didn't match request.base_url (https://musical-space-engine-r6q56x94x79hp5pg-3000.app.github.dev)):
  
actionpack (8.1.0) lib/action_controller/metal/request_forgery_protection.rb:321:in 'ActionController::RequestForgeryProtection::ProtectionMethods::Exception#handle_unverified_request'
actionpack (8.1.0) lib/action_controller/metal/request_forgery_protection.rb:415:in 'ActionController::RequestForgeryProtection#handle_unverified_request'
actionpack (8.1.0) lib/action_controller/metal/request_forgery_protection.rb:404:in 'ActionController::RequestForgeryProtection#verify_authenticity_token'
activesupport (8.1.0) lib/active_support/callbacks.rb:362:in 'block in ActiveSupport::Callbacks::CallTemplate::MethodCall#make_lambda'
activesupport (8.1.0) lib/active_support/callbacks.rb:179:in 'block in ActiveSupport::Callbacks::Filters::Before#call'
actionpack (8.1.0) lib/abstract_controller/callbacks.rb:34:in 'block (2 levels) in <module:Callbacks>'
activesupport (8.1.0) lib/active_support/callbacks.rb:180:in 'ActiveSupport::Callbacks::Filters::Before#call'
activesupport (8.1.0) lib/active_support/callbacks.rb:560:in 'block in ActiveSupport::Callbacks::CallbackSequence#invoke_before'
activesupport (8.1.0) lib/active_support/callbacks.rb:560:in 'Array#each'
activesupport (8.1.0) lib/active_support/callbacks.rb:560:in 'ActiveSupport::Callbacks::CallbackSequence#invoke_before'
activesupport (8.1.0) lib/active_support/callbacks.rb:119:in 'block in ActiveSupport::Callbacks#run_callbacks'
activesupport (8.1.0) lib/active_support/callbacks.rb:141:in 'ActiveSupport::Callbacks#run_callbacks'
actionpack (8.1.0) lib/abstract_controller/callbacks.rb:260:in 'AbstractController::Callbacks#process_action'
actionpack (8.1.0) lib/action_controller/metal/rescue.rb:36:in 'ActionController::Rescue#process_action'
actionpack (8.1.0) lib/action_controller/metal/instrumentation.rb:76:in 'block in ActionController::Instrumentation#process_action'
activesupport (8.1.0) lib/active_support/notifications.rb:210:in 'block in ActiveSupport::Notifications.instrument'
activesupport (8.1.0) lib/active_support/notifications/instrumenter.rb:58:in 'ActiveSupport::Notifications::Instrumenter#instrument'
activesupport (8.1.0) lib/active_support/notifications.rb:210:in 'ActiveSupport::Notifications.instrument'
actionpack (8.1.0) lib/action_controller/metal/instrumentation.rb:75:in 'ActionController::Instrumentation#process_action'
actionpack (8.1.0) lib/action_controller/metal/params_wrapper.rb:259:in 'ActionController::ParamsWrapper#process_action'
activerecord (8.1.0) lib/active_record/railties/controller_runtime.rb:39:in 'ActiveRecord::Railties::ControllerRuntime#process_action'
actionpack (8.1.0) lib/abstract_controller/base.rb:157:in 'AbstractController::Base#process'
actionview (8.1.0) lib/action_view/rendering.rb:40:in 'ActionView::Rendering#process'
actionpack (8.1.0) lib/action_controller/metal.rb:252:in 'ActionController::Metal#dispatch'
actionpack (8.1.0) lib/action_controller/metal.rb:335:in 'ActionController::Metal.dispatch'
actionpack (8.1.0) lib/action_dispatch/routing/route_set.rb:65:in 'ActionDispatch::Routing::RouteSet::Dispatcher#dispatch'
actionpack (8.1.0) lib/action_dispatch/routing/route_set.rb:50:in 'ActionDispatch::Routing::RouteSet::Dispatcher#serve'
actionpack (8.1.0) lib/action_dispatch/journey/router.rb:35:in 'block in ActionDispatch::Journey::Router#serve'
actionpack (8.1.0) lib/action_dispatch/journey/router.rb:86:in 'block in ActionDispatch::Journey::Router#recognize'
actionpack (8.1.0) lib/action_dispatch/journey/router.rb:66:in 'Array#each'
actionpack (8.1.0) lib/action_dispatch/journey/router.rb:66:in 'ActionDispatch::Journey::Router#recognize'
actionpack (8.1.0) lib/action_dispatch/journey/router.rb:31:in 'ActionDispatch::Journey::Router#serve'
actionpack (8.1.0) lib/action_dispatch/routing/route_set.rb:906:in 'ActionDispatch::Routing::RouteSet#call'
railties (8.1.0) lib/rails/engine/lazy_route_set.rb:60:in 'Rails::Engine::LazyRouteSet#call'
rack (3.2.3) lib/rack/tempfile_reaper.rb:20:in 'Rack::TempfileReaper#call'
rack (3.2.3) lib/rack/etag.rb:29:in 'Rack::ETag#call'
rack (3.2.3) lib/rack/conditional_get.rb:44:in 'Rack::ConditionalGet#call'
rack (3.2.3) lib/rack/head.rb:15:in 'Rack::Head#call'
actionpack (8.1.0) lib/action_dispatch/http/content_security_policy.rb:38:in 'ActionDispatch::ContentSecurityPolicy::Middleware#call'
rack-session (2.1.1) lib/rack/session/abstract/id.rb:274:in 'Rack::Session::Abstract::Persisted#context'
rack-session (2.1.1) lib/rack/session/abstract/id.rb:268:in 'Rack::Session::Abstract::Persisted#call'
actionpack (8.1.0) lib/action_dispatch/middleware/cookies.rb:708:in 'ActionDispatch::Cookies#call'
activerecord (8.1.0) lib/active_record/migration.rb:671:in 'ActiveRecord::Migration::CheckPending#call'
actionpack (8.1.0) lib/action_dispatch/middleware/callbacks.rb:31:in 'block in ActionDispatch::Callbacks#call'
activesupport (8.1.0) lib/active_support/callbacks.rb:101:in 'ActiveSupport::Callbacks#run_callbacks'
actionpack (8.1.0) lib/action_dispatch/middleware/callbacks.rb:30:in 'ActionDispatch::Callbacks#call'
actionpack (8.1.0) lib/action_dispatch/middleware/executor.rb:20:in 'ActionDispatch::Executor#call'
actionpack (8.1.0) lib/action_dispatch/middleware/actionable_exceptions.rb:18:in 'ActionDispatch::ActionableExceptions#call'
actionpack (8.1.0) lib/action_dispatch/middleware/debug_exceptions.rb:31:in 'ActionDispatch::DebugExceptions#call'
web-console (4.2.1) lib/web_console/middleware.rb:132:in 'WebConsole::Middleware#call_app'
web-console (4.2.1) lib/web_console/middleware.rb:19:in 'block in WebConsole::Middleware#call'
web-console (4.2.1) lib/web_console/middleware.rb:17:in 'Kernel#catch'
web-console (4.2.1) lib/web_console/middleware.rb:17:in 'WebConsole::Middleware#call'
actionpack (8.1.0) lib/action_dispatch/middleware/show_exceptions.rb:32:in 'ActionDispatch::ShowExceptions#call'
railties (8.1.0) lib/rails/rack/logger.rb:41:in 'Rails::Rack::Logger#call_app'
railties (8.1.0) lib/rails/rack/logger.rb:29:in 'Rails::Rack::Logger#call'
propshaft (1.3.1) lib/propshaft/quiet_assets.rb:11:in 'Propshaft::QuietAssets#call'
actionpack (8.1.0) lib/action_dispatch/middleware/remote_ip.rb:98:in 'ActionDispatch::RemoteIp#call'
actionpack (8.1.0) lib/action_dispatch/middleware/request_id.rb:34:in 'ActionDispatch::RequestId#call'
rack (3.2.3) lib/rack/method_override.rb:28:in 'Rack::MethodOverride#call'
rack (3.2.3) lib/rack/runtime.rb:24:in 'Rack::Runtime#call'
actionpack (8.1.0) lib/action_dispatch/middleware/server_timing.rb:61:in 'block in ActionDispatch::ServerTiming#call'
actionpack (8.1.0) lib/action_dispatch/middleware/server_timing.rb:26:in 'ActionDispatch::ServerTiming::Subscriber#collect_events'
actionpack (8.1.0) lib/action_dispatch/middleware/server_timing.rb:60:in 'ActionDispatch::ServerTiming#call'
actionpack (8.1.0) lib/action_dispatch/middleware/executor.rb:20:in 'ActionDispatch::Executor#call'
propshaft (1.3.1) lib/propshaft/server.rb:37:in 'Propshaft::Server#call'
actionpack (8.1.0) lib/action_dispatch/middleware/static.rb:27:in 'ActionDispatch::Static#call'
rack (3.2.3) lib/rack/sendfile.rb:131:in 'Rack::Sendfile#call'
actionpack (8.1.0) lib/action_dispatch/middleware/host_authorization.rb:143:in 'ActionDispatch::HostAuthorization#call'
railties (8.1.0) lib/rails/engine.rb:534:in 'Rails::Engine#call'
puma (7.1.0) lib/puma/configuration.rb:300:in 'Puma::Configuration::ConfigMiddleware#call'
puma (7.1.0) lib/puma/request.rb:101:in 'block in Puma::Request#handle_request'
puma (7.1.0) lib/puma/thread_pool.rb:355:in 'Puma::ThreadPool#with_force_shutdown'
puma (7.1.0) lib/puma/request.rb:100:in 'Puma::Request#handle_request'
puma (7.1.0) lib/puma/server.rb:503:in 'Puma::Server#process_client'
puma (7.1.0) lib/puma/server.rb:262:in 'block in Puma::Server#run'
puma (7.1.0) lib/puma/thread_pool.rb:182:in 'block in Puma::ThreadPool#spawn_thread'
Started GET "/checks/new" for 113.41.20.250 at 2025-10-24 12:49:21 +0000
Cannot render console from 113.41.20.250! Allowed networks: 127.0.0.0/127.255.255.255, ::1
Processing by ChecksController#new as HTML
  Rendering layout layouts/application.html.erb
  Rendering checks/new.html.erb within layouts/application
  Rendered checks/new.html.erb within layouts/application (Duration: 0.8ms | GC: 0.0ms)
  Rendered layout layouts/application.html.erb (Duration: 1.5ms | GC: 0.0ms)
Completed 200 OK in 3ms (Views: 2.0ms | ActiveRecord: 0.0ms (0 queries, 0 cached) | GC: 0.0ms)


Started GET "/checks/new" for 113.41.20.250 at 2025-10-24 12:51:34 +0000
Cannot render console from 113.41.20.250! Allowed networks: 127.0.0.0/127.255.255.255, ::1
Processing by ChecksController#new as HTML
  Rendering layout layouts/application.html.erb
  Rendering checks/new.html.erb within layouts/application
  Rendered checks/new.html.erb within layouts/application (Duration: 0.8ms | GC: 0.0ms)
  Rendered layout layouts/application.html.erb (Duration: 1.5ms | GC: 0.0ms)
Completed 200 OK in 3ms (Views: 1.9ms | ActiveRecord: 0.0ms (0 queries, 0 cached) | GC: 0.0ms)


Started POST "/checks" for 113.41.20.250 at 2025-10-24 12:51:37 +0000
Cannot render console from 113.41.20.250! Allowed networks: 127.0.0.0/127.255.255.255, ::1
Processing by ChecksController#create as TURBO_STREAM
  Parameters: {"authenticity_token" => "[FILTERED]", "target_url" => "https://protospace2020.herokuapp.com/", "commit" => "チェック開始"}
HTTP Origin header (http://localhost:3000) didn't match request.base_url (https://musical-space-engine-r6q56x94x79hp5pg-3000.app.github.dev)
Completed 422 Unprocessable Content in 1ms (ActiveRecord: 0.0ms (0 queries, 0 cached) | GC: 0.0ms)


  
ActionController::InvalidAuthenticityToken (HTTP Origin header (http://localhost:3000) didn't match request.base_url (https://musical-space-engine-r6q56x94x79hp5pg-3000.app.github.dev)):
  
actionpack (8.1.0) lib/action_controller/metal/request_forgery_protection.rb:321:in 'ActionController::RequestForgeryProtection::ProtectionMethods::Exception#handle_unverified_request'
actionpack (8.1.0) lib/action_controller/metal/request_forgery_protection.rb:415:in 'ActionController::RequestForgeryProtection#handle_unverified_request'
actionpack (8.1.0) lib/action_controller/metal/request_forgery_protection.rb:404:in 'ActionController::RequestForgeryProtection#verify_authenticity_token'
activesupport (8.1.0) lib/active_support/callbacks.rb:362:in 'block in ActiveSupport::Callbacks::CallTemplate::MethodCall#make_lambda'
activesupport (8.1.0) lib/active_support/callbacks.rb:179:in 'block in ActiveSupport::Callbacks::Filters::Before#call'
actionpack (8.1.0) lib/abstract_controller/callbacks.rb:34:in 'block (2 levels) in <module:Callbacks>'
activesupport (8.1.0) lib/active_support/callbacks.rb:180:in 'ActiveSupport::Callbacks::Filters::Before#call'
activesupport (8.1.0) lib/active_support/callbacks.rb:560:in 'block in ActiveSupport::Callbacks::CallbackSequence#invoke_before'
activesupport (8.1.0) lib/active_support/callbacks.rb:560:in 'Array#each'
activesupport (8.1.0) lib/active_support/callbacks.rb:560:in 'ActiveSupport::Callbacks::CallbackSequence#invoke_before'
activesupport (8.1.0) lib/active_support/callbacks.rb:119:in 'block in ActiveSupport::Callbacks#run_callbacks'
activesupport (8.1.0) lib/active_support/callbacks.rb:141:in 'ActiveSupport::Callbacks#run_callbacks'
actionpack (8.1.0) lib/abstract_controller/callbacks.rb:260:in 'AbstractController::Callbacks#process_action'
actionpack (8.1.0) lib/action_controller/metal/rescue.rb:36:in 'ActionController::Rescue#process_action'
actionpack (8.1.0) lib/action_controller/metal/instrumentation.rb:76:in 'block in ActionController::Instrumentation#process_action'
activesupport (8.1.0) lib/active_support/notifications.rb:210:in 'block in ActiveSupport::Notifications.instrument'
activesupport (8.1.0) lib/active_support/notifications/instrumenter.rb:58:in 'ActiveSupport::Notifications::Instrumenter#instrument'
activesupport (8.1.0) lib/active_support/notifications.rb:210:in 'ActiveSupport::Notifications.instrument'
actionpack (8.1.0) lib/action_controller/metal/instrumentation.rb:75:in 'ActionController::Instrumentation#process_action'
actionpack (8.1.0) lib/action_controller/metal/params_wrapper.rb:259:in 'ActionController::ParamsWrapper#process_action'
activerecord (8.1.0) lib/active_record/railties/controller_runtime.rb:39:in 'ActiveRecord::Railties::ControllerRuntime#process_action'
actionpack (8.1.0) lib/abstract_controller/base.rb:157:in 'AbstractController::Base#process'
actionview (8.1.0) lib/action_view/rendering.rb:40:in 'ActionView::Rendering#process'
actionpack (8.1.0) lib/action_controller/metal.rb:252:in 'ActionController::Metal#dispatch'
actionpack (8.1.0) lib/action_controller/metal.rb:335:in 'ActionController::Metal.dispatch'
actionpack (8.1.0) lib/action_dispatch/routing/route_set.rb:65:in 'ActionDispatch::Routing::RouteSet::Dispatcher#dispatch'
actionpack (8.1.0) lib/action_dispatch/routing/route_set.rb:50:in 'ActionDispatch::Routing::RouteSet::Dispatcher#serve'
actionpack (8.1.0) lib/action_dispatch/journey/router.rb:35:in 'block in ActionDispatch::Journey::Router#serve'
actionpack (8.1.0) lib/action_dispatch/journey/router.rb:86:in 'block in ActionDispatch::Journey::Router#recognize'
actionpack (8.1.0) lib/action_dispatch/journey/router.rb:66:in 'Array#each'
actionpack (8.1.0) lib/action_dispatch/journey/router.rb:66:in 'ActionDispatch::Journey::Router#recognize'
actionpack (8.1.0) lib/action_dispatch/journey/router.rb:31:in 'ActionDispatch::Journey::Router#serve'
actionpack (8.1.0) lib/action_dispatch/routing/route_set.rb:906:in 'ActionDispatch::Routing::RouteSet#call'
railties (8.1.0) lib/rails/engine/lazy_route_set.rb:60:in 'Rails::Engine::LazyRouteSet#call'
rack (3.2.3) lib/rack/tempfile_reaper.rb:20:in 'Rack::TempfileReaper#call'
rack (3.2.3) lib/rack/etag.rb:29:in 'Rack::ETag#call'
rack (3.2.3) lib/rack/conditional_get.rb:44:in 'Rack::ConditionalGet#call'
rack (3.2.3) lib/rack/head.rb:15:in 'Rack::Head#call'
actionpack (8.1.0) lib/action_dispatch/http/content_security_policy.rb:38:in 'ActionDispatch::ContentSecurityPolicy::Middleware#call'
rack-session (2.1.1) lib/rack/session/abstract/id.rb:274:in 'Rack::Session::Abstract::Persisted#context'
rack-session (2.1.1) lib/rack/session/abstract/id.rb:268:in 'Rack::Session::Abstract::Persisted#call'
actionpack (8.1.0) lib/action_dispatch/middleware/cookies.rb:708:in 'ActionDispatch::Cookies#call'
activerecord (8.1.0) lib/active_record/migration.rb:671:in 'ActiveRecord::Migration::CheckPending#call'
actionpack (8.1.0) lib/action_dispatch/middleware/callbacks.rb:31:in 'block in ActionDispatch::Callbacks#call'
activesupport (8.1.0) lib/active_support/callbacks.rb:101:in 'ActiveSupport::Callbacks#run_callbacks'
actionpack (8.1.0) lib/action_dispatch/middleware/callbacks.rb:30:in 'ActionDispatch::Callbacks#call'
actionpack (8.1.0) lib/action_dispatch/middleware/executor.rb:20:in 'ActionDispatch::Executor#call'
actionpack (8.1.0) lib/action_dispatch/middleware/actionable_exceptions.rb:18:in 'ActionDispatch::ActionableExceptions#call'
actionpack (8.1.0) lib/action_dispatch/middleware/debug_exceptions.rb:31:in 'ActionDispatch::DebugExceptions#call'
web-console (4.2.1) lib/web_console/middleware.rb:132:in 'WebConsole::Middleware#call_app'
web-console (4.2.1) lib/web_console/middleware.rb:19:in 'block in WebConsole::Middleware#call'
web-console (4.2.1) lib/web_console/middleware.rb:17:in 'Kernel#catch'
web-console (4.2.1) lib/web_console/middleware.rb:17:in 'WebConsole::Middleware#call'
actionpack (8.1.0) lib/action_dispatch/middleware/show_exceptions.rb:32:in 'ActionDispatch::ShowExceptions#call'
railties (8.1.0) lib/rails/rack/logger.rb:41:in 'Rails::Rack::Logger#call_app'
railties (8.1.0) lib/rails/rack/logger.rb:29:in 'Rails::Rack::Logger#call'
propshaft (1.3.1) lib/propshaft/quiet_assets.rb:11:in 'Propshaft::QuietAssets#call'
actionpack (8.1.0) lib/action_dispatch/middleware/remote_ip.rb:98:in 'ActionDispatch::RemoteIp#call'
actionpack (8.1.0) lib/action_dispatch/middleware/request_id.rb:34:in 'ActionDispatch::RequestId#call'
rack (3.2.3) lib/rack/method_override.rb:28:in 'Rack::MethodOverride#call'
rack (3.2.3) lib/rack/runtime.rb:24:in 'Rack::Runtime#call'
actionpack (8.1.0) lib/action_dispatch/middleware/server_timing.rb:61:in 'block in ActionDispatch::ServerTiming#call'
actionpack (8.1.0) lib/action_dispatch/middleware/server_timing.rb:26:in 'ActionDispatch::ServerTiming::Subscriber#collect_events'
actionpack (8.1.0) lib/action_dispatch/middleware/server_timing.rb:60:in 'ActionDispatch::ServerTiming#call'
actionpack (8.1.0) lib/action_dispatch/middleware/executor.rb:20:in 'ActionDispatch::Executor#call'
propshaft (1.3.1) lib/propshaft/server.rb:37:in 'Propshaft::Server#call'
actionpack (8.1.0) lib/action_dispatch/middleware/static.rb:27:in 'ActionDispatch::Static#call'
rack (3.2.3) lib/rack/sendfile.rb:131:in 'Rack::Sendfile#call'
actionpack (8.1.0) lib/action_dispatch/middleware/host_authorization.rb:143:in 'ActionDispatch::HostAuthorization#call'
railties (8.1.0) lib/rails/engine.rb:534:in 'Rails::Engine#call'
puma (7.1.0) lib/puma/configuration.rb:300:in 'Puma::Configuration::ConfigMiddleware#call'
puma (7.1.0) lib/puma/request.rb:101:in 'block in Puma::Request#handle_request'
puma (7.1.0) lib/puma/thread_pool.rb:355:in 'Puma::ThreadPool#with_force_shutdown'
puma (7.1.0) lib/puma/request.rb:100:in 'Puma::Request#handle_request'
puma (7.1.0) lib/puma/server.rb:503:in 'Puma::Server#process_client'
puma (7.1.0) lib/puma/server.rb:262:in 'block in Puma::Server#run'
puma (7.1.0) lib/puma/thread_pool.rb:182:in 'block in Puma::ThreadPool#spawn_thread'
Started GET "/checks/new" for 113.41.20.250 at 2025-10-24 12:51:37 +0000
Cannot render console from 113.41.20.250! Allowed networks: 127.0.0.0/127.255.255.255, ::1
Processing by ChecksController#new as HTML
  Rendering layout layouts/application.html.erb
  Rendering checks/new.html.erb within layouts/application
  Rendered checks/new.html.erb within layouts/application (Duration: 0.9ms | GC: 0.0ms)
  Rendered layout layouts/application.html.erb (Duration: 4.4ms | GC: 2.7ms)
Completed 200 OK in 6ms (Views: 4.9ms | ActiveRecord: 0.0ms (0 queries, 0 cached) | GC: 2.7ms)


Started GET "/checks/new" for 113.41.20.250 at 2025-10-24 13:06:43 +0000
Cannot render console from 113.41.20.250! Allowed networks: 127.0.0.0/127.255.255.255, ::1
  [1m[36mActiveRecord::SchemaMigration Load (0.1ms)[0m  [1m[34mSELECT "schema_migrations"."version" FROM "schema_migrations" ORDER BY "schema_migrations"."version" ASC /*application='ProtoBehavior'*/[0m
Processing by ChecksController#new as HTML
  Rendering layout layouts/application.html.erb
  Rendering checks/new.html.erb within layouts/application
  Rendered checks/new.html.erb within layouts/application (Duration: 6.6ms | GC: 1.4ms)
  Rendered layout layouts/application.html.erb (Duration: 32.3ms | GC: 19.6ms)
Completed 200 OK in 44ms (Views: 34.5ms | ActiveRecord: 0.0ms (0 queries, 0 cached) | GC: 20.9ms)


Started POST "/checks" for 113.41.20.250 at 2025-10-24 13:06:45 +0000
Cannot render console from 113.41.20.250! Allowed networks: 127.0.0.0/127.255.255.255, ::1
Processing by ChecksController#create as TURBO_STREAM
  Parameters: {"authenticity_token" => "[FILTERED]", "target_url" => "https://protospace2020.herokuapp.com/", "commit" => "チェック開始"}
  [1m[36mTRANSACTION (0.0ms)[0m  [1m[35mBEGIN immediate TRANSACTION /*action='create',application='ProtoBehavior',controller='checks'*/[0m
  ↳ app/controllers/checks_controller.rb:10:in 'ChecksController#create'
  [1m[36mCheckSession Create (1.3ms)[0m  [1m[32mINSERT INTO "check_sessions" ("target_url", "status", "started_at", "completed_at", "created_at", "updated_at") VALUES ('https://protospace2020.herokuapp.com/', 'running', '2025-10-24 13:06:45.786525', NULL, '2025-10-24 13:06:45.793668', '2025-10-24 13:06:45.793668') RETURNING "id" /*action='create',application='ProtoBehavior',controller='checks'*/[0m
  ↳ app/controllers/checks_controller.rb:10:in 'ChecksController#create'
  [1m[36mTRANSACTION (2.8ms)[0m  [1m[35mCOMMIT TRANSACTION /*action='create',application='ProtoBehavior',controller='checks'*/[0m
  ↳ app/controllers/checks_controller.rb:10:in 'ChecksController#create'
  [1m[36mTRANSACTION (0.0ms)[0m  [1m[35mBEGIN immediate TRANSACTION /*action='create',application='ProtoBehavior',controller='checks'*/[0m
  ↳ app/services/protospace_checker_service.rb:85:in 'ProtospaceCheckerService#add_result'
  [1m[36mCheckResult Create (1.3ms)[0m  [1m[32mINSERT INTO "check_results" ("check_session_id", "section_number", "check_number", "description", "status", "note", "created_at", "updated_at") VALUES (1, 1, '1-013', '必要な情報を入力すると、ログインができること', 'PASS', '', '2025-10-24 13:07:02.893510', '2025-10-24 13:07:02.893510') RETURNING "id" /*action='create',application='ProtoBehavior',controller='checks'*/[0m
  ↳ app/services/protospace_checker_service.rb:85:in 'ProtospaceCheckerService#add_result'
  [1m[36mTRANSACTION (0.2ms)[0m  [1m[35mCOMMIT TRANSACTION /*action='create',application='ProtoBehavior',controller='checks'*/[0m
  ↳ app/services/protospace_checker_service.rb:85:in 'ProtospaceCheckerService#add_result'
  [1m[36mTRANSACTION (0.1ms)[0m  [1m[35mBEGIN immediate TRANSACTION /*action='create',application='ProtoBehavior',controller='checks'*/[0m
  ↳ app/services/protospace_checker_service.rb:79:in 'ProtospaceCheckerService#run_check_1_013'
  [1m[36mCheckSession Update (1.7ms)[0m  [1m[33mUPDATE "check_sessions" SET "status" = 'completed', "completed_at" = '2025-10-24 13:07:03.126927', "updated_at" = '2025-10-24 13:07:03.127459' WHERE "check_sessions"."id" = 1 /*action='create',application='ProtoBehavior',controller='checks'*/[0m
  ↳ app/services/protospace_checker_service.rb:79:in 'ProtospaceCheckerService#run_check_1_013'
  [1m[36mTRANSACTION (0.3ms)[0m  [1m[35mCOMMIT TRANSACTION /*action='create',application='ProtoBehavior',controller='checks'*/[0m
  ↳ app/services/protospace_checker_service.rb:79:in 'ProtospaceCheckerService#run_check_1_013'
Redirected to https://musical-space-engine-r6q56x94x79hp5pg-3000.app.github.dev/checks/1
↳ app/controllers/checks_controller.rb:19:in 'ChecksController#create'
Completed 302 Found in 17371ms (ActiveRecord: 10.0ms (3 queries, 0 cached) | GC: 15.0ms)


Started GET "/checks/1" for 113.41.20.250 at 2025-10-24 13:07:03 +0000
Cannot render console from 113.41.20.250! Allowed networks: 127.0.0.0/127.255.255.255, ::1
Processing by ChecksController#show as TURBO_STREAM
  Parameters: {"id" => "1"}
  [1m[36mCheckSession Load (0.1ms)[0m  [1m[34mSELECT "check_sessions".* FROM "check_sessions" WHERE "check_sessions"."id" = 1 LIMIT 1 /*action='show',application='ProtoBehavior',controller='checks'*/[0m
  ↳ app/controllers/checks_controller.rb:23:in 'ChecksController#show'
  Rendering layout layouts/application.html.erb
  Rendering checks/show.html.erb within layouts/application
  [1m[36mCheckResult Exists? (0.1ms)[0m  [1m[34mSELECT 1 AS one FROM "check_results" WHERE "check_results"."check_session_id" = 1 LIMIT 1 /*action='show',application='ProtoBehavior',controller='checks'*/[0m
  ↳ app/views/checks/show.html.erb:26
  [1m[36mCheckResult Load (0.1ms)[0m  [1m[34mSELECT "check_results".* FROM "check_results" WHERE "check_results"."check_session_id" = 1 ORDER BY "check_results"."section_number" ASC, "check_results"."check_number" ASC /*action='show',application='ProtoBehavior',controller='checks'*/[0m
  ↳ app/views/checks/show.html.erb:27
  [1m[36mCheckResult Count (0.1ms)[0m  [1m[34mSELECT COUNT(*) FROM "check_results" WHERE "check_results"."check_session_id" = 1 /*action='show',application='ProtoBehavior',controller='checks'*/[0m
  ↳ app/views/checks/show.html.erb:36
  Rendered checks/show.html.erb within layouts/application (Duration: 5.4ms | GC: 0.0ms)
  Rendered layout layouts/application.html.erb (Duration: 7.5ms | GC: 0.0ms)
Completed 200 OK in 22ms (Views: 8.1ms | ActiveRecord: 0.5ms (4 queries, 0 cached) | GC: 0.0ms)


Started GET "/checks/new" for 113.41.20.250 at 2025-10-24 13:07:09 +0000
Cannot render console from 113.41.20.250! Allowed networks: 127.0.0.0/127.255.255.255, ::1
Processing by ChecksController#new as HTML
  Rendering layout layouts/application.html.erb
  Rendering checks/new.html.erb within layouts/application
  Rendered checks/new.html.erb within layouts/application (Duration: 0.8ms | GC: 0.0ms)
  Rendered layout layouts/application.html.erb (Duration: 1.5ms | GC: 0.0ms)
Completed 200 OK in 2ms (Views: 1.9ms | ActiveRecord: 0.0ms (0 queries, 0 cached) | GC: 0.0ms)


Started GET "/checks" for 113.41.20.250 at 2025-10-24 13:07:10 +0000
Cannot render console from 113.41.20.250! Allowed networks: 127.0.0.0/127.255.255.255, ::1
Processing by ChecksController#index as HTML
  Rendering layout layouts/application.html.erb
  Rendering checks/index.html.erb within layouts/application
  [1m[36mCheckSession Exists? (0.1ms)[0m  [1m[34mSELECT 1 AS one FROM "check_sessions" LIMIT 1 /*action='index',application='ProtoBehavior',controller='checks'*/[0m
  ↳ app/views/checks/index.html.erb:9
  [1m[36mCheckSession Load (0.2ms)[0m  [1m[34mSELECT "check_sessions".* FROM "check_sessions" ORDER BY "check_sessions"."created_at" DESC LIMIT 10 /*action='index',application='ProtoBehavior',controller='checks'*/[0m
  ↳ app/views/checks/index.html.erb:11
  Rendered checks/index.html.erb within layouts/application (Duration: 3.2ms | GC: 0.0ms)
  Rendered layout layouts/application.html.erb (Duration: 4.6ms | GC: 0.0ms)
Completed 200 OK in 6ms (Views: 4.9ms | ActiveRecord: 0.3ms (2 queries, 0 cached) | GC: 0.0ms)


Started GET "/checks/1" for 113.41.20.250 at 2025-10-24 13:07:11 +0000
Cannot render console from 113.41.20.250! Allowed networks: 127.0.0.0/127.255.255.255, ::1
Processing by ChecksController#show as HTML
  Parameters: {"id" => "1"}
  [1m[36mCheckSession Load (0.1ms)[0m  [1m[34mSELECT "check_sessions".* FROM "check_sessions" WHERE "check_sessions"."id" = 1 LIMIT 1 /*action='show',application='ProtoBehavior',controller='checks'*/[0m
  ↳ app/controllers/checks_controller.rb:23:in 'ChecksController#show'
  Rendering layout layouts/application.html.erb
  Rendering checks/show.html.erb within layouts/application
  [1m[36mCheckResult Exists? (0.1ms)[0m  [1m[34mSELECT 1 AS one FROM "check_results" WHERE "check_results"."check_session_id" = 1 LIMIT 1 /*action='show',application='ProtoBehavior',controller='checks'*/[0m
  ↳ app/views/checks/show.html.erb:26
  [1m[36mCheckResult Load (0.1ms)[0m  [1m[34mSELECT "check_results".* FROM "check_results" WHERE "check_results"."check_session_id" = 1 ORDER BY "check_results"."section_number" ASC, "check_results"."check_number" ASC /*action='show',application='ProtoBehavior',controller='checks'*/[0m
  ↳ app/views/checks/show.html.erb:27
  [1m[36mCheckResult Count (0.1ms)[0m  [1m[34mSELECT COUNT(*) FROM "check_results" WHERE "check_results"."check_session_id" = 1 /*action='show',application='ProtoBehavior',controller='checks'*/[0m
  ↳ app/views/checks/show.html.erb:36
  Rendered checks/show.html.erb within layouts/application (Duration: 5.1ms | GC: 0.0ms)
  Rendered layout layouts/application.html.erb (Duration: 6.6ms | GC: 0.0ms)
Completed 200 OK in 9ms (Views: 6.8ms | ActiveRecord: 0.4ms (4 queries, 0 cached) | GC: 0.0ms)


Started GET "/checks/1" for 113.41.20.250 at 2025-10-24 13:07:11 +0000
Cannot render console from 113.41.20.250! Allowed networks: 127.0.0.0/127.255.255.255, ::1
Processing by ChecksController#show as HTML
  Parameters: {"id" => "1"}
  [1m[36mCheckSession Load (0.1ms)[0m  [1m[34mSELECT "check_sessions".* FROM "check_sessions" WHERE "check_sessions"."id" = 1 LIMIT 1 /*action='show',application='ProtoBehavior',controller='checks'*/[0m
  ↳ app/controllers/checks_controller.rb:23:in 'ChecksController#show'
  Rendering layout layouts/application.html.erb
  Rendering checks/show.html.erb within layouts/application
  [1m[36mCheckResult Exists? (0.1ms)[0m  [1m[34mSELECT 1 AS one FROM "check_results" WHERE "check_results"."check_session_id" = 1 LIMIT 1 /*action='show',application='ProtoBehavior',controller='checks'*/[0m
  ↳ app/views/checks/show.html.erb:26
  [1m[36mCheckResult Load (0.2ms)[0m  [1m[34mSELECT "check_results".* FROM "check_results" WHERE "check_results"."check_session_id" = 1 ORDER BY "check_results"."section_number" ASC, "check_results"."check_number" ASC /*action='show',application='ProtoBehavior',controller='checks'*/[0m
  ↳ app/views/checks/show.html.erb:27
  [1m[36mCheckResult Count (0.1ms)[0m  [1m[34mSELECT COUNT(*) FROM "check_results" WHERE "check_results"."check_session_id" = 1 /*action='show',application='ProtoBehavior',controller='checks'*/[0m
  ↳ app/views/checks/show.html.erb:36
  Rendered checks/show.html.erb within layouts/application (Duration: 4.6ms | GC: 0.0ms)
  Rendered layout layouts/application.html.erb (Duration: 5.8ms | GC: 0.0ms)
Completed 200 OK in 8ms (Views: 5.9ms | ActiveRecord: 0.5ms (4 queries, 0 cached) | GC: 0.0ms)


Started GET "/checks" for 113.41.20.250 at 2025-10-24 13:07:13 +0000
Cannot render console from 113.41.20.250! Allowed networks: 127.0.0.0/127.255.255.255, ::1
Processing by ChecksController#index as HTML
  Rendering layout layouts/application.html.erb
  Rendering checks/index.html.erb within layouts/application
  [1m[36mCheckSession Exists? (0.1ms)[0m  [1m[34mSELECT 1 AS one FROM "check_sessions" LIMIT 1 /*action='index',application='ProtoBehavior',controller='checks'*/[0m
  ↳ app/views/checks/index.html.erb:9
  [1m[36mCheckSession Load (0.2ms)[0m  [1m[34mSELECT "check_sessions".* FROM "check_sessions" ORDER BY "check_sessions"."created_at" DESC LIMIT 10 /*action='index',application='ProtoBehavior',controller='checks'*/[0m
  ↳ app/views/checks/index.html.erb:11
  Rendered checks/index.html.erb within layouts/application (Duration: 2.9ms | GC: 0.0ms)
  Rendered layout layouts/application.html.erb (Duration: 4.4ms | GC: 0.0ms)
Completed 200 OK in 6ms (Views: 5.2ms | ActiveRecord: 0.3ms (2 queries, 0 cached) | GC: 0.0ms)


Started GET "/checks/1" for 113.41.20.250 at 2025-10-24 13:07:14 +0000
Cannot render console from 113.41.20.250! Allowed networks: 127.0.0.0/127.255.255.255, ::1
Processing by ChecksController#show as HTML
  Parameters: {"id" => "1"}
  [1m[36mCheckSession Load (0.1ms)[0m  [1m[34mSELECT "check_sessions".* FROM "check_sessions" WHERE "check_sessions"."id" = 1 LIMIT 1 /*action='show',application='ProtoBehavior',controller='checks'*/[0m
  ↳ app/controllers/checks_controller.rb:23:in 'ChecksController#show'
  Rendering layout layouts/application.html.erb
  Rendering checks/show.html.erb within layouts/application
  [1m[36mCheckResult Exists? (0.1ms)[0m  [1m[34mSELECT 1 AS one FROM "check_results" WHERE "check_results"."check_session_id" = 1 LIMIT 1 /*action='show',application='ProtoBehavior',controller='checks'*/[0m
  ↳ app/views/checks/show.html.erb:26
  [1m[36mCheckResult Load (0.1ms)[0m  [1m[34mSELECT "check_results".* FROM "check_results" WHERE "check_results"."check_session_id" = 1 ORDER BY "check_results"."section_number" ASC, "check_results"."check_number" ASC /*action='show',application='ProtoBehavior',controller='checks'*/[0m
  ↳ app/views/checks/show.html.erb:27
  [1m[36mCheckResult Count (0.1ms)[0m  [1m[34mSELECT COUNT(*) FROM "check_results" WHERE "check_results"."check_session_id" = 1 /*action='show',application='ProtoBehavior',controller='checks'*/[0m
  ↳ app/views/checks/show.html.erb:36
  Rendered checks/show.html.erb within layouts/application (Duration: 3.8ms | GC: 0.0ms)
  Rendered layout layouts/application.html.erb (Duration: 5.2ms | GC: 0.0ms)
Completed 200 OK in 8ms (Views: 5.4ms | ActiveRecord: 0.4ms (4 queries, 0 cached) | GC: 0.0ms)


Started GET "/checks" for 113.41.20.250 at 2025-10-24 13:07:15 +0000
Cannot render console from 113.41.20.250! Allowed networks: 127.0.0.0/127.255.255.255, ::1
Processing by ChecksController#index as HTML
  Rendering layout layouts/application.html.erb
  Rendering checks/index.html.erb within layouts/application
  [1m[36mCheckSession Exists? (0.1ms)[0m  [1m[34mSELECT 1 AS one FROM "check_sessions" LIMIT 1 /*action='index',application='ProtoBehavior',controller='checks'*/[0m
  ↳ app/views/checks/index.html.erb:9
  [1m[36mCheckSession Load (0.1ms)[0m  [1m[34mSELECT "check_sessions".* FROM "check_sessions" ORDER BY "check_sessions"."created_at" DESC LIMIT 10 /*action='index',application='ProtoBehavior',controller='checks'*/[0m
  ↳ app/views/checks/index.html.erb:11
  Rendered checks/index.html.erb within layouts/application (Duration: 2.6ms | GC: 0.0ms)
  Rendered layout layouts/application.html.erb (Duration: 4.1ms | GC: 0.0ms)
Completed 200 OK in 6ms (Views: 4.6ms | ActiveRecord: 0.2ms (2 queries, 0 cached) | GC: 0.0ms)


Started GET "/checks/new" for 113.41.20.250 at 2025-10-24 13:07:16 +0000
Cannot render console from 113.41.20.250! Allowed networks: 127.0.0.0/127.255.255.255, ::1
Processing by ChecksController#new as HTML
  Rendering layout layouts/application.html.erb
  Rendering checks/new.html.erb within layouts/application
  Rendered checks/new.html.erb within layouts/application (Duration: 0.7ms | GC: 0.0ms)
  Rendered layout layouts/application.html.erb (Duration: 1.4ms | GC: 0.0ms)
Completed 200 OK in 3ms (Views: 1.8ms | ActiveRecord: 0.0ms (0 queries, 0 cached) | GC: 0.0ms)


Started GET "/checks/1" for 113.41.20.250 at 2025-10-24 13:07:17 +0000
Cannot render console from 113.41.20.250! Allowed networks: 127.0.0.0/127.255.255.255, ::1
Processing by ChecksController#show as HTML
  Parameters: {"id" => "1"}
  [1m[36mCheckSession Load (0.1ms)[0m  [1m[34mSELECT "check_sessions".* FROM "check_sessions" WHERE "check_sessions"."id" = 1 LIMIT 1 /*action='show',application='ProtoBehavior',controller='checks'*/[0m
  ↳ app/controllers/checks_controller.rb:23:in 'ChecksController#show'
  Rendering layout layouts/application.html.erb
  Rendering checks/show.html.erb within layouts/application
  [1m[36mCheckResult Exists? (0.1ms)[0m  [1m[34mSELECT 1 AS one FROM "check_results" WHERE "check_results"."check_session_id" = 1 LIMIT 1 /*action='show',application='ProtoBehavior',controller='checks'*/[0m
  ↳ app/views/checks/show.html.erb:26
  [1m[36mCheckResult Load (0.1ms)[0m  [1m[34mSELECT "check_results".* FROM "check_results" WHERE "check_results"."check_session_id" = 1 ORDER BY "check_results"."section_number" ASC, "check_results"."check_number" ASC /*action='show',application='ProtoBehavior',controller='checks'*/[0m
  ↳ app/views/checks/show.html.erb:27
  [1m[36mCheckResult Count (0.1ms)[0m  [1m[34mSELECT COUNT(*) FROM "check_results" WHERE "check_results"."check_session_id" = 1 /*action='show',application='ProtoBehavior',controller='checks'*/[0m
  ↳ app/views/checks/show.html.erb:36
  Rendered checks/show.html.erb within layouts/application (Duration: 3.5ms | GC: 0.0ms)
  Rendered layout layouts/application.html.erb (Duration: 5.0ms | GC: 0.0ms)
Completed 200 OK in 8ms (Views: 5.3ms | ActiveRecord: 0.4ms (4 queries, 0 cached) | GC: 0.0ms)


Started GET "/checks/new" for 113.41.20.250 at 2025-10-24 13:07:27 +0000
Cannot render console from 113.41.20.250! Allowed networks: 127.0.0.0/127.255.255.255, ::1
Processing by ChecksController#new as HTML
  Rendering layout layouts/application.html.erb
  Rendering checks/new.html.erb within layouts/application
  Rendered checks/new.html.erb within layouts/application (Duration: 0.8ms | GC: 0.0ms)
  Rendered layout layouts/application.html.erb (Duration: 1.6ms | GC: 0.0ms)
Completed 200 OK in 3ms (Views: 2.0ms | ActiveRecord: 0.0ms (0 queries, 0 cached) | GC: 0.0ms)


Started GET "/checks/new" for 113.41.20.250 at 2025-10-24 13:07:55 +0000
Cannot render console from 113.41.20.250! Allowed networks: 127.0.0.0/127.255.255.255, ::1
Processing by ChecksController#new as HTML
  Rendering layout layouts/application.html.erb
  Rendering checks/new.html.erb within layouts/application
  Rendered checks/new.html.erb within layouts/application (Duration: 1.1ms | GC: 0.0ms)
  Rendered layout layouts/application.html.erb (Duration: 2.3ms | GC: 0.0ms)
Completed 200 OK in 4ms (Views: 3.6ms | ActiveRecord: 0.0ms (0 queries, 0 cached) | GC: 0.0ms)


Started POST "/checks" for 113.41.20.250 at 2025-10-24 13:07:58 +0000
Cannot render console from 113.41.20.250! Allowed networks: 127.0.0.0/127.255.255.255, ::1
Processing by ChecksController#create as TURBO_STREAM
  Parameters: {"authenticity_token" => "[FILTERED]", "target_url" => "https://protospace2020.herokuapp.com/", "commit" => "チェック開始"}
  [1m[36mTRANSACTION (0.1ms)[0m  [1m[35mBEGIN immediate TRANSACTION /*action='create',application='ProtoBehavior',controller='checks'*/[0m
  ↳ app/controllers/checks_controller.rb:10:in 'ChecksController#create'
  [1m[36mCheckSession Create (1.3ms)[0m  [1m[32mINSERT INTO "check_sessions" ("target_url", "status", "started_at", "completed_at", "created_at", "updated_at") VALUES ('https://protospace2020.herokuapp.com/', 'running', '2025-10-24 13:07:58.560918', NULL, '2025-10-24 13:07:58.561273', '2025-10-24 13:07:58.561273') RETURNING "id" /*action='create',application='ProtoBehavior',controller='checks'*/[0m
  ↳ app/controllers/checks_controller.rb:10:in 'ChecksController#create'
  [1m[36mTRANSACTION (0.1ms)[0m  [1m[35mCOMMIT TRANSACTION /*action='create',application='ProtoBehavior',controller='checks'*/[0m
  ↳ app/controllers/checks_controller.rb:10:in 'ChecksController#create'
  [1m[36mTRANSACTION (0.1ms)[0m  [1m[35mBEGIN immediate TRANSACTION /*action='create',application='ProtoBehavior',controller='checks'*/[0m
  ↳ app/services/protospace_checker_service.rb:85:in 'ProtospaceCheckerService#add_result'
  [1m[36mCheckResult Create (1.6ms)[0m  [1m[32mINSERT INTO "check_results" ("check_session_id", "section_number", "check_number", "description", "status", "note", "created_at", "updated_at") VALUES (2, 1, '1-013', '必要な情報を入力すると、ログインができること', 'PASS', '', '2025-10-24 13:08:15.619018', '2025-10-24 13:08:15.619018') RETURNING "id" /*action='create',application='ProtoBehavior',controller='checks'*/[0m
  ↳ app/services/protospace_checker_service.rb:85:in 'ProtospaceCheckerService#add_result'
  [1m[36mTRANSACTION (0.2ms)[0m  [1m[35mCOMMIT TRANSACTION /*action='create',application='ProtoBehavior',controller='checks'*/[0m
  ↳ app/services/protospace_checker_service.rb:85:in 'ProtospaceCheckerService#add_result'
  [1m[36mTRANSACTION (0.1ms)[0m  [1m[35mBEGIN immediate TRANSACTION /*action='create',application='ProtoBehavior',controller='checks'*/[0m
  ↳ app/services/protospace_checker_service.rb:79:in 'ProtospaceCheckerService#run_check_1_013'
  [1m[36mCheckSession Update (1.4ms)[0m  [1m[33mUPDATE "check_sessions" SET "status" = 'completed', "completed_at" = '2025-10-24 13:08:15.887080', "updated_at" = '2025-10-24 13:08:15.887566' WHERE "check_sessions"."id" = 2 /*action='create',application='ProtoBehavior',controller='checks'*/[0m
  ↳ app/services/protospace_checker_service.rb:79:in 'ProtospaceCheckerService#run_check_1_013'
  [1m[36mTRANSACTION (0.1ms)[0m  [1m[35mCOMMIT TRANSACTION /*action='create',application='ProtoBehavior',controller='checks'*/[0m
  ↳ app/services/protospace_checker_service.rb:79:in 'ProtospaceCheckerService#run_check_1_013'
Redirected to https://musical-space-engine-r6q56x94x79hp5pg-3000.app.github.dev/checks/2
↳ app/controllers/checks_controller.rb:19:in 'ChecksController#create'
Completed 302 Found in 17332ms (ActiveRecord: 5.0ms (3 queries, 0 cached) | GC: 0.0ms)


Started GET "/checks/2" for 113.41.20.250 at 2025-10-24 13:08:15 +0000
Cannot render console from 113.41.20.250! Allowed networks: 127.0.0.0/127.255.255.255, ::1
Processing by ChecksController#show as TURBO_STREAM
  Parameters: {"id" => "2"}
  [1m[36mCheckSession Load (0.1ms)[0m  [1m[34mSELECT "check_sessions".* FROM "check_sessions" WHERE "check_sessions"."id" = 2 LIMIT 1 /*action='show',application='ProtoBehavior',controller='checks'*/[0m
  ↳ app/controllers/checks_controller.rb:23:in 'ChecksController#show'
  Rendering layout layouts/application.html.erb
  Rendering checks/show.html.erb within layouts/application
  [1m[36mCheckResult Exists? (0.1ms)[0m  [1m[34mSELECT 1 AS one FROM "check_results" WHERE "check_results"."check_session_id" = 2 LIMIT 1 /*action='show',application='ProtoBehavior',controller='checks'*/[0m
  ↳ app/views/checks/show.html.erb:26
  [1m[36mCheckResult Load (0.2ms)[0m  [1m[34mSELECT "check_results".* FROM "check_results" WHERE "check_results"."check_session_id" = 2 ORDER BY "check_results"."section_number" ASC, "check_results"."check_number" ASC /*action='show',application='ProtoBehavior',controller='checks'*/[0m
  ↳ app/views/checks/show.html.erb:27
  [1m[36mCheckResult Count (0.1ms)[0m  [1m[34mSELECT COUNT(*) FROM "check_results" WHERE "check_results"."check_session_id" = 2 /*action='show',application='ProtoBehavior',controller='checks'*/[0m
  ↳ app/views/checks/show.html.erb:36
  Rendered checks/show.html.erb within layouts/application (Duration: 4.5ms | GC: 0.0ms)
  Rendered layout layouts/application.html.erb (Duration: 5.5ms | GC: 0.0ms)
Completed 200 OK in 8ms (Views: 5.6ms | ActiveRecord: 0.5ms (4 queries, 0 cached) | GC: 0.0ms)


Started GET "/checks/new" for 113.41.20.250 at 2025-10-24 13:08:18 +0000
Cannot render console from 113.41.20.250! Allowed networks: 127.0.0.0/127.255.255.255, ::1
Processing by ChecksController#new as HTML
  Rendering layout layouts/application.html.erb
  Rendering checks/new.html.erb within layouts/application
  Rendered checks/new.html.erb within layouts/application (Duration: 0.8ms | GC: 0.0ms)
  Rendered layout layouts/application.html.erb (Duration: 1.5ms | GC: 0.0ms)
Completed 200 OK in 3ms (Views: 2.0ms | ActiveRecord: 0.0ms (0 queries, 0 cached) | GC: 0.0ms)


